\BOOKMARK [1][-]{section*.1}{\376\377\000A\000b\000s\000t\000r\000a\000c\000t}{}% 1
\BOOKMARK [1][-]{section.1}{\376\377\0001\000\040\000I\000n\000t\000r\000o\000d\000u\000c\000t\000i\000o\000n}{}% 2
\BOOKMARK [1][-]{section.2}{\376\377\0002\000\040\000P\000R\000O\000B\000L\000E\000M\000\040\000S\000T\000A\000T\000E\000M\000E\000N\000T}{}% 3
\BOOKMARK [2][-]{subsection.2.1}{\376\377\0002\000.\0001\000\040\000M\000i\000c\000r\000o\000s\000e\000r\000v\000i\000c\000e\000s\000-\000b\000a\000s\000e\000d\000\040\000A\000r\000c\000h\000i\000t\000e\000c\000t\000u\000r\000e}{section.2}% 4
\BOOKMARK [2][-]{subsection.2.2}{\376\377\0002\000.\0002\000\040\000T\000h\000e\000\040\000P\000r\000o\000b\000l\000e\000m}{section.2}% 5
\BOOKMARK [1][-]{section.3}{\376\377\0003\000\040\000P\000R\000O\000P\000O\000S\000E\000D\000\040\000S\000O\000L\000U\000T\000I\000O\000N\000S}{}% 6
\BOOKMARK [2][-]{subsection.3.1}{\376\377\0003\000.\0001\000\040\000T\000a\000s\000k\000\040\000E\000x\000e\000c\000u\000t\000i\000o\000n\000\040\000a\000s\000\040\000a\000\040\000W\000o\000r\000k\000f\000l\000o\000w}{section.3}% 7
\BOOKMARK [1][-]{section.4}{\376\377\0004\000\040\000V\000A\000L\000I\000D\000A\000T\000I\000O\000N\000\040\000O\000F\000\040\000D\000E\000S\000I\000G\000N}{}% 8
\BOOKMARK [1][-]{section.5}{\376\377\0005\000\040\000I\000M\000P\000L\000E\000M\000E\000N\000T\000A\000T\000I\000O\000N\000\040\000\046\000\040\000E\000V\000A\000L\000U\000A\000T\000I\000O\000N}{}% 9
\BOOKMARK [2][-]{subsection.5.1}{\376\377\0005\000.\0001\000\040\000P\000r\000o\000t\000o\000t\000y\000p\000e\000\040\000f\000o\000r\000\040\000i\000m\000p\000l\000e\000m\000e\000n\000t\000a\000t\000i\000o\000n}{section.5}% 10
\BOOKMARK [2][-]{subsection.5.2}{\376\377\0005\000.\0002\000\040\000D\000A\000G\000\040\000d\000e\000f\000i\000n\000i\000t\000i\000o\000n\000s}{section.5}% 11
\BOOKMARK [2][-]{subsection.5.3}{\376\377\0005\000.\0003\000\040\000O\000r\000c\000h\000e\000s\000t\000r\000a\000t\000o\000r}{section.5}% 12
\BOOKMARK [2][-]{subsection.5.4}{\376\377\0005\000.\0004\000\040\000S\000c\000h\000e\000d\000u\000l\000e\000r}{section.5}% 13
\BOOKMARK [2][-]{subsection.5.5}{\376\377\0005\000.\0005\000\040\000W\000o\000r\000k\000e\000r}{section.5}% 14
\BOOKMARK [2][-]{subsection.5.6}{\376\377\0005\000.\0006\000\040\000U\000s\000e\000r\000\040\000I\000n\000t\000e\000r\000f\000a\000c\000e}{section.5}% 15
\BOOKMARK [2][-]{subsection.5.7}{\376\377\0005\000.\0007\000\040\000D\000e\000p\000l\000o\000y\000m\000e\000n\000t}{section.5}% 16
\BOOKMARK [2][-]{subsection.5.8}{\376\377\0005\000.\0008\000\040\000S\000c\000h\000e\000d\000u\000l\000e\000r\000\040\000-\000\040\000W\000o\000r\000k\000e\000r\000\040\000I\000n\000t\000e\000r\000a\000c\000t\000i\000o\000n\000s}{section.5}% 17
\BOOKMARK [1][-]{section.6}{\376\377\0006\000\040\000R\000E\000L\000A\000T\000E\000D\000\040\000W\000O\000R\000K}{}% 18
\BOOKMARK [2][-]{subsection.6.1}{\376\377\0006\000.\0001\000\040\000M\000a\000t\000c\000h\000m\000a\000k\000i\000n\000g\000\040\000u\000s\000i\000n\000g\000\040\000H\000T\000C\000o\000n\000d\000o\000r}{section.6}% 19
\BOOKMARK [2][-]{subsection.6.2}{\376\377\0006\000.\0002\000\040\000A\000K\000K\000A\000'\000s\000\040\000A\000c\000t\000o\000r\000\040\000M\000o\000d\000e\000l}{section.6}% 20
\BOOKMARK [1][-]{section.7}{\376\377\0007\000\040\000C\000O\000N\000C\000L\000U\000S\000I\000O\000N\000S\000\040\000A\000N\000D\000\040\000F\000U\000T\000U\000R\000E\000\040\000W\000O\000R\000K}{}% 21
\BOOKMARK [1][-]{section*.11}{\376\377\000R\000e\000f\000e\000r\000e\000n\000c\000e\000s}{}% 22
